
=== Wed May  4 14:01:51 2022

Packages were changed.
Update Mode: mergeDefaultDependencies

The following packages were added:
  com.unity.collab-proxy@1.13.5
  com.unity.ide.rider@2.0.7
  com.unity.ide.visualstudio@2.0.11
  com.unity.ide.vscode@1.2.4
  com.unity.modules.ai@1.0.0
  com.unity.modules.androidjni@1.0.0
  com.unity.modules.animation@1.0.0
  com.unity.modules.assetbundle@1.0.0
  com.unity.modules.audio@1.0.0
  com.unity.modules.cloth@1.0.0
  com.unity.modules.director@1.0.0
  com.unity.modules.imageconversion@1.0.0
  com.unity.modules.imgui@1.0.0
  com.unity.modules.jsonserialize@1.0.0
  com.unity.modules.particlesystem@1.0.0
  com.unity.modules.physics@1.0.0
  com.unity.modules.physics2d@1.0.0
  com.unity.modules.screencapture@1.0.0
  com.unity.modules.terrain@1.0.0
  com.unity.modules.terrainphysics@1.0.0
  com.unity.modules.tilemap@1.0.0
  com.unity.modules.ui@1.0.0
  com.unity.modules.uielements@1.0.0
  com.unity.modules.umbra@1.0.0
  com.unity.modules.unityanalytics@1.0.0
  com.unity.modules.unitywebrequest@1.0.0
  com.unity.modules.unitywebrequestassetbundle@1.0.0
  com.unity.modules.unitywebrequestaudio@1.0.0
  com.unity.modules.unitywebrequesttexture@1.0.0
  com.unity.modules.unitywebrequestwww@1.0.0
  com.unity.modules.vehicles@1.0.0
  com.unity.modules.video@1.0.0
  com.unity.modules.vr@1.0.0
  com.unity.modules.wind@1.0.0
  com.unity.modules.xr@1.0.0
  com.unity.test-framework@1.1.29
  com.unity.textmeshpro@3.0.6
  com.unity.timeline@1.4.8
  com.unity.ugui@1.0.0

=== Fri Mar  3 16:19:37 2023

Packages were changed.
Update Mode: updateDependencies

The following packages were updated:
  com.unity.2d.animation from version 5.0.10 to 7.0.9
  com.unity.collab-proxy from version 1.13.5 to 2.0.1
  com.unity.ide.rider from version 2.0.7 to 3.0.18
  com.unity.ide.visualstudio from version 2.0.11 to 2.0.17
  com.unity.ide.vscode from version 1.2.4 to 1.2.5
  com.unity.render-pipelines.universal from version 10.6.0 to 12.1.10
  com.unity.shadergraph from version 10.6.0 to 12.1.10
  com.unity.test-framework from version 1.1.29 to 1.1.31
  com.unity.timeline from version 1.4.8 to 1.6.4

=== Sun Mar 12 00:39:19 2023

Packages were changed.
Update Mode: updateDependencies

The following packages were added:
  com.unity.ai.navigation@1.1.1
The following packages were updated:
  com.unity.2d.animation from version 7.0.9 to 10.0.0-pre.2
  com.unity.render-pipelines.universal from version 12.1.10 to 15.0.4
  com.unity.shadergraph from version 12.1.10 to 15.0.4
  com.unity.test-framework from version 1.1.31 to 1.3.3
  com.unity.timeline from version 1.6.4 to 1.8.1

=== Wed May 10 16:31:39 2023

Packages were changed.
Update Mode: updateDependencies

The following packages were updated:
  com.unity.2d.animation from version 10.0.0-pre.2 to 10.0.0
  com.unity.ai.navigation from version 1.1.1 to 1.1.3
  com.unity.collab-proxy from version 2.0.1 to 2.0.4
  com.unity.ide.rider from version 3.0.18 to 3.0.20
  com.unity.ide.visualstudio from version 2.0.17 to 2.0.18
  com.unity.render-pipelines.universal from version 15.0.4 to 15.0.5
  com.unity.shadergraph from version 15.0.4 to 15.0.5
  com.unity.splines from version 2.1.0 to 2.2.0
  com.unity.timeline from version 1.8.1 to 1.8.2

=== Thu Aug 17 19:34:38 2023

Packages were changed.
Update Mode: updateDependencies

The following packages were updated:
  com.unity.ai.navigation from version 1.1.3 to 1.1.4
  com.unity.collab-proxy from version 2.0.4 to 2.0.5
  com.unity.ide.rider from version 3.0.20 to 3.0.24

=== Tue Mar 12 21:59:43 2024

Packages were changed.
Update Mode: updateDependencies

The following packages were added:
  com.unity.modules.accessibility@1.0.0
The following packages were updated:
  com.unity.2d.animation from version 10.0.0 to 10.1.0
  com.unity.ai.navigation from version 1.1.4 to 2.0.0
  com.unity.collab-proxy from version 2.0.5 to 2.2.0
  com.unity.feature.2d from version 1.0.0 to 2.0.0
  com.unity.ide.rider from version 3.0.24 to 3.0.27
  com.unity.ide.visualstudio from version 2.0.18 to 2.0.22
  com.unity.render-pipelines.high-definition from version 15.0.5 to 17.0.2
  com.unity.render-pipelines.universal from version 15.0.5 to 17.0.2
  com.unity.test-framework from version 1.3.3 to 1.4.3
  com.unity.timeline from version 1.8.2 to 1.8.6
  com.unity.ugui from version 1.0.0 to 2.0.0
The following packages were removed:
  com.unity.textmeshpro@3.0.6
